<?xml version="1.0" encoding="UTF-8"?>
<!-- Generated by org.testng.reporters.JUnitXMLReporter -->
<testsuite ignored="27" hostname="DESKTOP-PMB3RF0" failures="0" tests="1" name="Default test" time="11.647" errors="0" timestamp="2021-04-20T19:51:10 EDT">
  <testcase classname="ca.walmart.qa.testcases.LoginPageTestCases" name="loginPageTitleCheck" time="0.074"/>
  <testcase classname="ca.walmart.qa.testcases.LoginPageTestCases" name="Login_TC8_LastnameSpecialChar" time="0.0">
    <ignored/>
  </testcase> <!-- Login_TC8_LastnameSpecialChar -->
  <testcase classname="ca.walmart.qa.testcases.LoginPageTestCases" name="Login_TC9_BlankLastnameMsg" time="0.0">
    <ignored/>
  </testcase> <!-- Login_TC9_BlankLastnameMsg -->
  <testcase classname="ca.walmart.qa.testcases.LoginPageTestCases" name="Login_TC2_FirstnameLessThan2Char" time="0.0">
    <ignored/>
  </testcase> <!-- Login_TC2_FirstnameLessThan2Char -->
  <testcase classname="ca.walmart.qa.testcases.LoginPageTestCases" name="Login_TC26_SpecialCharacterPassword" time="0.0">
    <ignored/>
  </testcase> <!-- Login_TC26_SpecialCharacterPassword -->
  <testcase classname="ca.walmart.qa.testcases.LoginPageTestCases" name="Login_TC14_Morethan10Phone" time="0.0">
    <ignored/>
  </testcase> <!-- Login_TC14_Morethan10Phone -->
  <testcase classname="ca.walmart.qa.testcases.LoginPageTestCases" name="Login_TC6_LastnameMoreThan2Char" time="0.0">
    <ignored/>
  </testcase> <!-- Login_TC6_LastnameMoreThan2Char -->
  <testcase classname="ca.walmart.qa.testcases.LoginPageTestCases" name="Login_TC13_Lessthan10Phone" time="0.0">
    <ignored/>
  </testcase> <!-- Login_TC13_Lessthan10Phone -->
  <testcase classname="ca.walmart.qa.testcases.LoginPageTestCases" name="Login_TC12_Exact10Phone" time="0.0">
    <ignored/>
  </testcase> <!-- Login_TC12_Exact10Phone -->
  <testcase classname="ca.walmart.qa.testcases.LoginPageTestCases" name="Login_TC1_FirstnameMoreThan2Char" time="0.0">
    <ignored/>
  </testcase> <!-- Login_TC1_FirstnameMoreThan2Char -->
  <testcase classname="ca.walmart.qa.testcases.LoginPageTestCases" name="Login_TC15_ErrorMessagePhone" time="0.0">
    <ignored/>
  </testcase> <!-- Login_TC15_ErrorMessagePhone -->
  <testcase classname="ca.walmart.qa.testcases.LoginPageTestCases" name="Login_TC24_SpecialCharAndCharPassword" time="0.0">
    <ignored/>
  </testcase> <!-- Login_TC24_SpecialCharAndCharPassword -->
  <testcase classname="ca.walmart.qa.testcases.LoginPageTestCases" name="Login_TC23_CharAndSpecialCharPassword" time="0.0">
    <ignored/>
  </testcase> <!-- Login_TC23_CharAndSpecialCharPassword -->
  <testcase classname="ca.walmart.qa.testcases.LoginPageTestCases" name="Login_TC17_InvalidEmail" time="0.0">
    <ignored/>
  </testcase> <!-- Login_TC17_InvalidEmail -->
  <testcase classname="ca.walmart.qa.testcases.LoginPageTestCases" name="Login_TC5_FirstnameErrorMsg" time="0.0">
    <ignored/>
  </testcase> <!-- Login_TC5_FirstnameErrorMsg -->
  <testcase classname="ca.walmart.qa.testcases.LoginPageTestCases" name="Login_TC4_BlankFirstnameMsg" time="0.0">
    <ignored/>
  </testcase> <!-- Login_TC4_BlankFirstnameMsg -->
  <testcase classname="ca.walmart.qa.testcases.LoginPageTestCases" name="Login_TC7_LastnameLessthan2Char" time="0.0">
    <ignored/>
  </testcase> <!-- Login_TC7_LastnameLessthan2Char -->
  <testcase classname="ca.walmart.qa.testcases.LoginPageTestCases" name="Login_TC27_NumberPassword" time="0.0">
    <ignored/>
  </testcase> <!-- Login_TC27_NumberPassword -->
  <testcase classname="ca.walmart.qa.testcases.LoginPageTestCases" name="Login_TC22_StrongPassword" time="0.0">
    <ignored/>
  </testcase> <!-- Login_TC22_StrongPassword -->
  <testcase classname="ca.walmart.qa.testcases.LoginPageTestCases" name="Login_TC19_PasswordLessThan6" time="0.0">
    <ignored/>
  </testcase> <!-- Login_TC19_PasswordLessThan6 -->
  <testcase classname="ca.walmart.qa.testcases.LoginPageTestCases" name="Login_TC20_EncryptPassword" time="0.0">
    <ignored/>
  </testcase> <!-- Login_TC20_EncryptPassword -->
  <testcase classname="ca.walmart.qa.testcases.LoginPageTestCases" name="Login_TC21_ShowPassword" time="0.0">
    <ignored/>
  </testcase> <!-- Login_TC21_ShowPassword -->
  <testcase classname="ca.walmart.qa.testcases.LoginPageTestCases" name="Login_TC16_ValidEmail" time="0.0">
    <ignored/>
  </testcase> <!-- Login_TC16_ValidEmail -->
  <testcase classname="ca.walmart.qa.testcases.LoginPageTestCases" name="Login_TC3_FirstnameSpecialChar" time="0.0">
    <ignored/>
  </testcase> <!-- Login_TC3_FirstnameSpecialChar -->
  <testcase classname="ca.walmart.qa.testcases.LoginPageTestCases" name="Login_TC10_LastnameErrorMsg" time="0.0">
    <ignored/>
  </testcase> <!-- Login_TC10_LastnameErrorMsg -->
  <testcase classname="ca.walmart.qa.testcases.LoginPageTestCases" name="Login_TC18_PasswordMoreThan6" time="0.0">
    <ignored/>
  </testcase> <!-- Login_TC18_PasswordMoreThan6 -->
  <testcase classname="ca.walmart.qa.testcases.LoginPageTestCases" name="Login_TC25_CharacterPassword" time="0.0">
    <ignored/>
  </testcase> <!-- Login_TC25_CharacterPassword -->
  <testcase classname="ca.walmart.qa.testcases.LoginPageTestCases" name="Login_TC11_blankPhone" time="0.0">
    <ignored/>
  </testcase> <!-- Login_TC11_blankPhone -->
</testsuite> <!-- Default test -->
